<?xml version="1.0" encoding="UTF-8"?>
<testng-results skipped="1" failed="1" ignored="0" total="7" passed="5">
  <reporter-output>
    <line>
      <![CDATA[<a href='/Users/aodiyo/Documents/workspace/creditcards/cccomu/src/main/java/creditcards/test/automation/cccomUI/screenshot/verifyHomePage_09_09_2017_10_04_59.png'> <img src='/Users/aodiyo/Documents/workspace/creditcards/cccomu/src/main/java/creditcards/test/automation/cccomUI/screenshot/verifyHomePage_09_09_2017_10_04_59.png' height='100' width='100'/> </a>]]>
    </line>
  </reporter-output>
  <suite name="Suite" duration-ms="174034" started-at="2017-09-09T15:04:11Z" finished-at="2017-09-09T15:07:05Z">
    <groups>
    </groups>
    <test name="Test" duration-ms="174034" started-at="2017-09-09T15:04:11Z" finished-at="2017-09-09T15:07:05Z">
      <class name="creditcards.test.automation.cccomUI.tests.HomeTest">
        <test-method status="PASS" signature="initializeTestBaseSetup(java.lang.String, java.lang.String)[pri:0, instance:creditcards.test.automation.cccomUI.tests.HomeTest@1e397ed7]" name="initializeTestBaseSetup" is-config="true" duration-ms="4766" started-at="2017-09-09T10:04:11Z" finished-at="2017-09-09T10:04:16Z">
          <params>
            <param index="0">
              <value>
                <![CDATA[chrome]]>
              </value>
            </param>
            <param index="1">
              <value>
                <![CDATA[http://cccomus.staging.creditcards.com]]>
              </value>
            </param>
          </params>
          <reporter-output>
          </reporter-output>
        </test-method> <!-- initializeTestBaseSetup -->
        <test-method status="PASS" signature="setUp()[pri:0, instance:creditcards.test.automation.cccomUI.tests.HomeTest@1e397ed7]" name="setUp" is-config="true" duration-ms="0" started-at="2017-09-09T10:04:16Z" finished-at="2017-09-09T10:04:16Z">
          <reporter-output>
          </reporter-output>
        </test-method> <!-- setUp -->
        <test-method status="PASS" signature="verifyHomePage()[pri:0, instance:creditcards.test.automation.cccomUI.tests.HomeTest@1e397ed7]" name="verifyHomePage" duration-ms="44030" started-at="2017-09-09T10:04:16Z" finished-at="2017-09-09T10:05:00Z">
          <reporter-output>
            <line>
              <![CDATA[<a href='/Users/aodiyo/Documents/workspace/creditcards/cccomu/src/main/java/creditcards/test/automation/cccomUI/screenshot/verifyHomePage_09_09_2017_10_04_59.png'> <img src='/Users/aodiyo/Documents/workspace/creditcards/cccomu/src/main/java/creditcards/test/automation/cccomUI/screenshot/verifyHomePage_09_09_2017_10_04_59.png' height='100' width='100'/> </a>]]>
            </line>
          </reporter-output>
        </test-method> <!-- verifyHomePage -->
        <test-method status="PASS" signature="setUp()[pri:0, instance:creditcards.test.automation.cccomUI.tests.HomeTest@1e397ed7]" name="setUp" is-config="true" duration-ms="0" started-at="2017-09-09T10:04:16Z" finished-at="2017-09-09T10:04:16Z">
          <reporter-output>
          </reporter-output>
        </test-method> <!-- setUp -->
        <test-method status="PASS" signature="tearDown()[pri:0, instance:creditcards.test.automation.cccomUI.tests.HomeTest@1e397ed7]" name="tearDown" is-config="true" duration-ms="84" started-at="2017-09-09T10:05:00Z" finished-at="2017-09-09T10:05:00Z">
          <reporter-output>
          </reporter-output>
        </test-method> <!-- tearDown -->
      </class> <!-- creditcards.test.automation.cccomUI.tests.HomeTest -->
      <class name="creditcards.test.automation.cccomUI.tests.HeaderNavTest">
        <test-method status="PASS" signature="initializeTestBaseSetup(java.lang.String, java.lang.String)[pri:0, instance:creditcards.test.automation.cccomUI.tests.HeaderNavTest@56ac3a89]" name="initializeTestBaseSetup" is-config="true" duration-ms="3479" started-at="2017-09-09T10:05:21Z" finished-at="2017-09-09T10:05:25Z">
          <params>
            <param index="0">
              <value>
                <![CDATA[chrome]]>
              </value>
            </param>
            <param index="1">
              <value>
                <![CDATA[http://cccomus.staging.creditcards.com]]>
              </value>
            </param>
          </params>
          <reporter-output>
          </reporter-output>
        </test-method> <!-- initializeTestBaseSetup -->
        <test-method status="PASS" signature="setUp()[pri:0, instance:creditcards.test.automation.cccomUI.tests.HeaderNavTest@56ac3a89]" name="setUp" is-config="true" duration-ms="1090" started-at="2017-09-09T10:05:25Z" finished-at="2017-09-09T10:05:26Z">
          <reporter-output>
          </reporter-output>
        </test-method> <!-- setUp -->
        <test-method status="FAIL" signature="verifyHeaderNavigation()[pri:0, instance:creditcards.test.automation.cccomUI.tests.HeaderNavTest@56ac3a89]" name="verifyHeaderNavigation" duration-ms="99604" started-at="2017-09-09T10:05:26Z" finished-at="2017-09-09T10:07:05Z">
          <exception class="org.openqa.selenium.NoSuchElementException">
            <message>
              <![CDATA[no such element: Unable to locate element: {"method":"xpath","selector":"//span[contains(.,'LOW RATES & FEES')]"}
  (Session info: chrome=61.0.3163.79)
  (Driver info: chromedriver=2.31.488774 (7e15618d1bf16df8bf0ecf2914ed1964a387ba0b),platform=Mac OS X 10.11.6 x86_64) (WARNING: The server did not provide any stacktrace information)
Command duration or timeout: 60.04 seconds
For documentation on this error, please visit: http://seleniumhq.org/exceptions/no_such_element.html
Build info: version: '3.4.0', revision: 'unknown', time: 'unknown'
System info: host: 'austcao0229.local', ip: 'fe80:0:0:0:f65c:89ff:fea9:eb47%en0', os.name: 'Mac OS X', os.arch: 'x86_64', os.version: '10.11.6', java.version: '1.8.0_77'
Driver info: org.openqa.selenium.chrome.ChromeDriver
Capabilities [{applicationCacheEnabled=false, rotatable=false, mobileEmulationEnabled=false, networkConnectionEnabled=false, chrome={chromedriverVersion=2.31.488774 (7e15618d1bf16df8bf0ecf2914ed1964a387ba0b), userDataDir=/var/folders/3g/bjhc2dhs3nb2qxjlxkd_0rj0dxf61h/T/.org.chromium.Chromium.kFVcWO}, takesHeapSnapshot=true, pageLoadStrategy=normal, databaseEnabled=false, handlesAlerts=true, hasTouchScreen=false, version=61.0.3163.79, platform=MAC, browserConnectionEnabled=false, nativeEvents=true, acceptSslCerts=true, locationContextEnabled=true, webStorageEnabled=true, browserName=chrome, takesScreenshot=true, javascriptEnabled=true, cssSelectorsEnabled=true, setWindowRect=true, unexpectedAlertBehaviour=}]
Session ID: 36f6e3f1264ab97cfcb83b90288fd23b
*** Element info: {Using=xpath, value=//span[contains(.,'LOW RATES & FEES')]}]]>
            </message>
            <full-stacktrace>
              <![CDATA[org.openqa.selenium.NoSuchElementException: no such element: Unable to locate element: {"method":"xpath","selector":"//span[contains(.,'LOW RATES & FEES')]"}
  (Session info: chrome=61.0.3163.79)
  (Driver info: chromedriver=2.31.488774 (7e15618d1bf16df8bf0ecf2914ed1964a387ba0b),platform=Mac OS X 10.11.6 x86_64) (WARNING: The server did not provide any stacktrace information)
Command duration or timeout: 60.04 seconds
For documentation on this error, please visit: http://seleniumhq.org/exceptions/no_such_element.html
Build info: version: '3.4.0', revision: 'unknown', time: 'unknown'
System info: host: 'austcao0229.local', ip: 'fe80:0:0:0:f65c:89ff:fea9:eb47%en0', os.name: 'Mac OS X', os.arch: 'x86_64', os.version: '10.11.6', java.version: '1.8.0_77'
Driver info: org.openqa.selenium.chrome.ChromeDriver
Capabilities [{applicationCacheEnabled=false, rotatable=false, mobileEmulationEnabled=false, networkConnectionEnabled=false, chrome={chromedriverVersion=2.31.488774 (7e15618d1bf16df8bf0ecf2914ed1964a387ba0b), userDataDir=/var/folders/3g/bjhc2dhs3nb2qxjlxkd_0rj0dxf61h/T/.org.chromium.Chromium.kFVcWO}, takesHeapSnapshot=true, pageLoadStrategy=normal, databaseEnabled=false, handlesAlerts=true, hasTouchScreen=false, version=61.0.3163.79, platform=MAC, browserConnectionEnabled=false, nativeEvents=true, acceptSslCerts=true, locationContextEnabled=true, webStorageEnabled=true, browserName=chrome, takesScreenshot=true, javascriptEnabled=true, cssSelectorsEnabled=true, setWindowRect=true, unexpectedAlertBehaviour=}]
Session ID: 36f6e3f1264ab97cfcb83b90288fd23b
*** Element info: {Using=xpath, value=//span[contains(.,'LOW RATES & FEES')]}
	at sun.reflect.NativeConstructorAccessorImpl.newInstance0(Native Method)
	at sun.reflect.NativeConstructorAccessorImpl.newInstance(NativeConstructorAccessorImpl.java:62)
	at sun.reflect.DelegatingConstructorAccessorImpl.newInstance(DelegatingConstructorAccessorImpl.java:45)
	at java.lang.reflect.Constructor.newInstance(Constructor.java:423)
	at org.openqa.selenium.remote.ErrorHandler.createThrowable(ErrorHandler.java:215)
	at org.openqa.selenium.remote.ErrorHandler.throwIfResponseFailed(ErrorHandler.java:167)
	at org.openqa.selenium.remote.RemoteWebDriver.execute(RemoteWebDriver.java:671)
	at org.openqa.selenium.remote.RemoteWebDriver.findElement(RemoteWebDriver.java:410)
	at org.openqa.selenium.remote.RemoteWebDriver.findElementByXPath(RemoteWebDriver.java:509)
	at org.openqa.selenium.By$ByXPath.findElement(By.java:361)
	at org.openqa.selenium.remote.RemoteWebDriver.findElement(RemoteWebDriver.java:402)
	at org.openqa.selenium.support.pagefactory.DefaultElementLocator.findElement(DefaultElementLocator.java:69)
	at org.openqa.selenium.support.pagefactory.internal.LocatingElementHandler.invoke(LocatingElementHandler.java:38)
	at com.sun.proxy.$Proxy11.getCoordinates(Unknown Source)
	at org.openqa.selenium.interactions.internal.MouseAction.getActionLocation(MouseAction.java:67)
	at org.openqa.selenium.interactions.MoveMouseAction.perform(MoveMouseAction.java:43)
	at org.openqa.selenium.interactions.CompositeAction.perform(CompositeAction.java:36)
	at org.openqa.selenium.interactions.Actions$BuiltAction.perform(Actions.java:634)
	at org.openqa.selenium.interactions.Actions.perform(Actions.java:593)
	at creditcards.test.automation.cccomUI.pageobjects.HeaderNav.verifyHeaderNavLowRatesAndFees(HeaderNav.java:64)
	at creditcards.test.automation.cccomUI.tests.HeaderNavTest.verifyHeaderNavigation(HeaderNavTest.java:27)
	at sun.reflect.NativeMethodAccessorImpl.invoke0(Native Method)
	at sun.reflect.NativeMethodAccessorImpl.invoke(NativeMethodAccessorImpl.java:62)
	at sun.reflect.DelegatingMethodAccessorImpl.invoke(DelegatingMethodAccessorImpl.java:43)
	at java.lang.reflect.Method.invoke(Method.java:498)
	at org.testng.internal.MethodInvocationHelper.invokeMethod(MethodInvocationHelper.java:108)
	at org.testng.internal.Invoker.invokeMethod(Invoker.java:661)
	at org.testng.internal.Invoker.invokeTestMethod(Invoker.java:869)
	at org.testng.internal.Invoker.invokeTestMethods(Invoker.java:1193)
	at org.testng.internal.TestMethodWorker.invokeTestMethods(TestMethodWorker.java:126)
	at org.testng.internal.TestMethodWorker.run(TestMethodWorker.java:109)
	at org.testng.TestRunner.privateRun(TestRunner.java:744)
	at org.testng.TestRunner.run(TestRunner.java:602)
	at org.testng.SuiteRunner.runTest(SuiteRunner.java:380)
	at org.testng.SuiteRunner.runSequentially(SuiteRunner.java:375)
	at org.testng.SuiteRunner.privateRun(SuiteRunner.java:340)
	at org.testng.SuiteRunner.run(SuiteRunner.java:289)
	at org.testng.SuiteRunnerWorker.runSuite(SuiteRunnerWorker.java:52)
	at org.testng.SuiteRunnerWorker.run(SuiteRunnerWorker.java:86)
	at org.testng.TestNG.runSuitesSequentially(TestNG.java:1301)
	at org.testng.TestNG.runSuitesLocally(TestNG.java:1226)
	at org.testng.TestNG.runSuites(TestNG.java:1144)
	at org.testng.TestNG.run(TestNG.java:1115)
	at org.testng.remote.AbstractRemoteTestNG.run(AbstractRemoteTestNG.java:132)
	at org.testng.remote.RemoteTestNG.initAndRun(RemoteTestNG.java:230)
	at org.testng.remote.RemoteTestNG.main(RemoteTestNG.java:76)
]]>
            </full-stacktrace>
          </exception> <!-- org.openqa.selenium.NoSuchElementException -->
          <reporter-output>
          </reporter-output>
        </test-method> <!-- verifyHeaderNavigation -->
        <test-method status="PASS" signature="tearDown()[pri:0, instance:creditcards.test.automation.cccomUI.tests.HeaderNavTest@56ac3a89]" name="tearDown" is-config="true" duration-ms="76" started-at="2017-09-09T10:07:05Z" finished-at="2017-09-09T10:07:05Z">
          <reporter-output>
          </reporter-output>
        </test-method> <!-- tearDown -->
      </class> <!-- creditcards.test.automation.cccomUI.tests.HeaderNavTest -->
      <class name="creditcards.test.automation.cccomUI.tests.ZeroInterestTest">
        <test-method status="PASS" signature="initializeTestBaseSetup(java.lang.String, java.lang.String)[pri:0, instance:creditcards.test.automation.cccomUI.tests.ZeroInterestTest@490ab905]" name="initializeTestBaseSetup" is-config="true" duration-ms="3500" started-at="2017-09-09T10:05:00Z" finished-at="2017-09-09T10:05:04Z">
          <params>
            <param index="0">
              <value>
                <![CDATA[chrome]]>
              </value>
            </param>
            <param index="1">
              <value>
                <![CDATA[http://cccomus.staging.creditcards.com]]>
              </value>
            </param>
          </params>
          <reporter-output>
          </reporter-output>
        </test-method> <!-- initializeTestBaseSetup -->
        <test-method status="PASS" signature="setUp()[pri:0, instance:creditcards.test.automation.cccomUI.tests.ZeroInterestTest@490ab905]" name="setUp" is-config="true" duration-ms="1374" started-at="2017-09-09T10:05:04Z" finished-at="2017-09-09T10:05:05Z">
          <reporter-output>
          </reporter-output>
        </test-method> <!-- setUp -->
        <test-method status="PASS" signature="setUp()[pri:0, instance:creditcards.test.automation.cccomUI.tests.ZeroInterestTest@490ab905]" name="setUp" is-config="true" duration-ms="2063" started-at="2017-09-09T10:05:05Z" finished-at="2017-09-09T10:05:07Z">
          <reporter-output>
          </reporter-output>
        </test-method> <!-- setUp -->
        <test-method status="PASS" signature="verifyWeAreOnCorrectPage()[pri:0, instance:creditcards.test.automation.cccomUI.tests.ZeroInterestTest@490ab905]" name="verifyWeAreOnCorrectPage" duration-ms="1" started-at="2017-09-09T10:05:07Z" finished-at="2017-09-09T10:05:07Z">
          <reporter-output>
          </reporter-output>
        </test-method> <!-- verifyWeAreOnCorrectPage -->
        <test-method status="PASS" signature="setUp()[pri:0, instance:creditcards.test.automation.cccomUI.tests.ZeroInterestTest@490ab905]" name="setUp" is-config="true" duration-ms="848" started-at="2017-09-09T10:05:08Z" finished-at="2017-09-09T10:05:09Z">
          <reporter-output>
          </reporter-output>
        </test-method> <!-- setUp -->
        <test-method status="PASS" signature="verifyZeroInterestPage(java.lang.String, java.lang.String, java.lang.String, java.lang.String, java.lang.String, java.lang.String)[pri:0, instance:creditcards.test.automation.cccomUI.tests.ZeroInterestTest@490ab905]" name="verifyZeroInterestPage" duration-ms="3226" started-at="2017-09-09T10:05:09Z" data-provider="CategoryPagesData" finished-at="2017-09-09T10:05:12Z">
          <params>
            <param index="0">
              <value>
                <![CDATA[Discover it速]]>
              </value>
            </param>
            <param index="1">
              <value>
                <![CDATA[6 months ]]>
              </value>
            </param>
            <param index="2">
              <value>
                <![CDATA[18 months]]>
              </value>
            </param>
            <param index="3">
              <value>
                <![CDATA[11.99% -23.99%]]>
              </value>
            </param>
            <param index="4">
              <value>
                <![CDATA[226.0]]>
              </value>
            </param>
            <param index="5">
              <value>
                <![CDATA[Y]]>
              </value>
            </param>
          </params>
          <reporter-output>
          </reporter-output>
        </test-method> <!-- verifyZeroInterestPage -->
        <test-method status="PASS" signature="setUp()[pri:0, instance:creditcards.test.automation.cccomUI.tests.ZeroInterestTest@490ab905]" name="setUp" is-config="true" duration-ms="1113" started-at="2017-09-09T10:05:12Z" finished-at="2017-09-09T10:05:13Z">
          <reporter-output>
          </reporter-output>
        </test-method> <!-- setUp -->
        <test-method status="PASS" signature="verifyZeroInterestPage(java.lang.String, java.lang.String, java.lang.String, java.lang.String, java.lang.String, java.lang.String)[pri:0, instance:creditcards.test.automation.cccomUI.tests.ZeroInterestTest@490ab905]" name="verifyZeroInterestPage" duration-ms="3147" started-at="2017-09-09T10:05:13Z" data-provider="CategoryPagesData" finished-at="2017-09-09T10:05:16Z">
          <params>
            <param index="0">
              <value>
                <![CDATA[Citi速 Diamond Preferred速 Card]]>
              </value>
            </param>
            <param index="1">
              <value>
                <![CDATA[21 months]]>
              </value>
            </param>
            <param index="2">
              <value>
                <![CDATA[21 months]]>
              </value>
            </param>
            <param index="3">
              <value>
                <![CDATA[13.49%-23.49%]]>
              </value>
            </param>
            <param index="4">
              <value>
                <![CDATA[N/A]]>
              </value>
            </param>
            <param index="5">
              <value>
                <![CDATA[Y]]>
              </value>
            </param>
          </params>
          <reporter-output>
          </reporter-output>
        </test-method> <!-- verifyZeroInterestPage -->
        <test-method status="PASS" signature="setUp()[pri:0, instance:creditcards.test.automation.cccomUI.tests.ZeroInterestTest@490ab905]" name="setUp" is-config="true" duration-ms="898" started-at="2017-09-09T10:05:16Z" finished-at="2017-09-09T10:05:17Z">
          <reporter-output>
          </reporter-output>
        </test-method> <!-- setUp -->
        <test-method status="PASS" signature="verifyZeroInterestPage(java.lang.String, java.lang.String, java.lang.String, java.lang.String, java.lang.String, java.lang.String)[pri:0, instance:creditcards.test.automation.cccomUI.tests.ZeroInterestTest@490ab905]" name="verifyZeroInterestPage" duration-ms="3155" started-at="2017-09-09T10:05:17Z" data-provider="CategoryPagesData" finished-at="2017-09-09T10:05:20Z">
          <params>
            <param index="0">
              <value>
                <![CDATA[Bank of America速 Cash Rewards Credit Card

]]>
              </value>
            </param>
            <param index="1">
              <value>
                <![CDATA[12 billing cycles]]>
              </value>
            </param>
            <param index="2">
              <value>
                <![CDATA[12 billing cyles for BTs made in the first 60 days]]>
              </value>
            </param>
            <param index="3">
              <value>
                <![CDATA[13.99% - 23.99% Variable APR on purchases and balance transfers]]>
              </value>
            </param>
            <param index="4">
              <value>
                <![CDATA[150.0]]>
              </value>
            </param>
            <param index="5">
              <value>
                <![CDATA[Y]]>
              </value>
            </param>
          </params>
          <reporter-output>
          </reporter-output>
        </test-method> <!-- verifyZeroInterestPage -->
        <test-method status="PASS" signature="setUp()[pri:0, instance:creditcards.test.automation.cccomUI.tests.ZeroInterestTest@490ab905]" name="setUp" is-config="true" duration-ms="942" started-at="2017-09-09T10:05:20Z" finished-at="2017-09-09T10:05:21Z">
          <reporter-output>
          </reporter-output>
        </test-method> <!-- setUp -->
        <test-method status="SKIP" signature="verifyZeroInterestPage(java.lang.String, java.lang.String, java.lang.String, java.lang.String, java.lang.String, java.lang.String)[pri:0, instance:creditcards.test.automation.cccomUI.tests.ZeroInterestTest@490ab905]" name="verifyZeroInterestPage" duration-ms="0" started-at="2017-09-09T10:05:21Z" data-provider="CategoryPagesData" finished-at="2017-09-09T10:05:21Z">
          <params>
            <param index="0">
              <value>
                <![CDATA[1.0]]>
              </value>
            </param>
            <param index="1">
              <value>
                <![CDATA[12 billing cycles]]>
              </value>
            </param>
            <param index="2">
              <value>
                <![CDATA[18 months]]>
              </value>
            </param>
            <param index="3">
              <value>
                <![CDATA[13.49%-23.49%]]>
              </value>
            </param>
            <param index="4">
              <value>
                <![CDATA[0.0]]>
              </value>
            </param>
            <param index="5">
              <value>
                <![CDATA[N]]>
              </value>
            </param>
          </params>
          <exception class="org.testng.SkipException">
            <message>
              <![CDATA[user marked this record as no run]]>
            </message>
            <full-stacktrace>
              <![CDATA[org.testng.SkipException: user marked this record as no run
	at creditcards.test.automation.cccomUI.tests.ZeroInterestTest.verifyZeroInterestPage(ZeroInterestTest.java:45)
	at sun.reflect.NativeMethodAccessorImpl.invoke0(Native Method)
	at sun.reflect.NativeMethodAccessorImpl.invoke(NativeMethodAccessorImpl.java:62)
	at sun.reflect.DelegatingMethodAccessorImpl.invoke(DelegatingMethodAccessorImpl.java:43)
	at java.lang.reflect.Method.invoke(Method.java:498)
	at org.testng.internal.MethodInvocationHelper.invokeMethod(MethodInvocationHelper.java:108)
	at org.testng.internal.Invoker.invokeMethod(Invoker.java:661)
	at org.testng.internal.Invoker.invokeTestMethod(Invoker.java:869)
	at org.testng.internal.Invoker.invokeTestMethods(Invoker.java:1193)
	at org.testng.internal.TestMethodWorker.invokeTestMethods(TestMethodWorker.java:126)
	at org.testng.internal.TestMethodWorker.run(TestMethodWorker.java:109)
	at org.testng.TestRunner.privateRun(TestRunner.java:744)
	at org.testng.TestRunner.run(TestRunner.java:602)
	at org.testng.SuiteRunner.runTest(SuiteRunner.java:380)
	at org.testng.SuiteRunner.runSequentially(SuiteRunner.java:375)
	at org.testng.SuiteRunner.privateRun(SuiteRunner.java:340)
	at org.testng.SuiteRunner.run(SuiteRunner.java:289)
	at org.testng.SuiteRunnerWorker.runSuite(SuiteRunnerWorker.java:52)
	at org.testng.SuiteRunnerWorker.run(SuiteRunnerWorker.java:86)
	at org.testng.TestNG.runSuitesSequentially(TestNG.java:1301)
	at org.testng.TestNG.runSuitesLocally(TestNG.java:1226)
	at org.testng.TestNG.runSuites(TestNG.java:1144)
	at org.testng.TestNG.run(TestNG.java:1115)
	at org.testng.remote.AbstractRemoteTestNG.run(AbstractRemoteTestNG.java:132)
	at org.testng.remote.RemoteTestNG.initAndRun(RemoteTestNG.java:230)
	at org.testng.remote.RemoteTestNG.main(RemoteTestNG.java:76)
]]>
            </full-stacktrace>
          </exception> <!-- org.testng.SkipException -->
          <reporter-output>
          </reporter-output>
        </test-method> <!-- verifyZeroInterestPage -->
        <test-method status="PASS" signature="tearDown()[pri:0, instance:creditcards.test.automation.cccomUI.tests.ZeroInterestTest@490ab905]" name="tearDown" is-config="true" duration-ms="72" started-at="2017-09-09T10:05:21Z" finished-at="2017-09-09T10:05:21Z">
          <reporter-output>
          </reporter-output>
        </test-method> <!-- tearDown -->
      </class> <!-- creditcards.test.automation.cccomUI.tests.ZeroInterestTest -->
    </test> <!-- Test -->
  </suite> <!-- Suite -->
</testng-results>
